<testsuites id="" name="" tests="15" failures="3" skipped="0" errors="0" time="30.217796999999997">
<testsuite name="auth.spec.ts" timestamp="2026-05-02T20:54:02.192Z" hostname="chromium" tests="3" failures="0" skipped="0" time="10.116" errors="0">
<testcase name="User Registration › should register a new user successfully" classname="auth.spec.ts" time="4.425">
</testcase>
<testcase name="User Registration › should show validation error for invalid email" classname="auth.spec.ts" time="2.793">
</testcase>
<testcase name="User Registration › should show error if no language is selected" classname="auth.spec.ts" time="2.898">
</testcase>
</testsuite>
<testsuite name="concept-node.spec.ts" timestamp="2026-05-02T20:54:02.192Z" hostname="chromium" tests="2" failures="1" skipped="0" time="15.719" errors="0">
<testcase name="Concept Node Creation › should create a new concept node and redirect to detail page" classname="concept-node.spec.ts" time="13.253">
<system-out>
<![CDATA[
[[ATTACHMENT|../test-results/concept-node-Concept-Node--a322b-and-redirect-to-detail-page-chromium/test-failed-1.png]]

[[ATTACHMENT|../test-results/concept-node-Concept-Node--a322b-and-redirect-to-detail-page-chromium/video.webm]]

[[ATTACHMENT|../test-results/concept-node-Concept-Node--a322b-and-redirect-to-detail-page-chromium/error-context.md]]

[[ATTACHMENT|../test-results/concept-node-Concept-Node--a322b-and-redirect-to-detail-page-chromium/trace.zip]]
]]>
</system-out>
<failure message="expect(locator).toBeVisible() failed" type="expect.toBeVisible">
<![CDATA[  [chromium] › concept-node.spec.ts:10:7 › Concept Node Creation › should create a new concept node and redirect to detail page 

    Error: expect(locator).toBeVisible() failed

    Locator: locator('text=Concept Test 2189')
    Expected: visible
    Timeout: 10000ms
    Error: element(s) not found

    Call log:
      - Expect "toBeVisible" with timeout 10000ms
      - waiting for locator('text=Concept Test 2189')


      25 |     
      26 |     // Verify the meaning we entered is displayed
    > 27 |     await expect(page.locator(`text=${meaning}`)).toBeVisible();
         |                                                   ^
      28 |   });
      29 |
      30 |   test('should show validation error if meaning is empty', async ({ page }) => {
        at /Users/jrvn-hieu/Desktop/projects/workplace/demo_bmad_method_advance_testing/apps/e2e/tests/concept-node.spec.ts:27:51

    attachment #1: screenshot (image/png) ──────────────────────────────────────────────────────────
    ../test-results/concept-node-Concept-Node--a322b-and-redirect-to-detail-page-chromium/test-failed-1.png
    ────────────────────────────────────────────────────────────────────────────────────────────────

    attachment #2: video (video/webm) ──────────────────────────────────────────────────────────────
    ../test-results/concept-node-Concept-Node--a322b-and-redirect-to-detail-page-chromium/video.webm
    ────────────────────────────────────────────────────────────────────────────────────────────────

    Error Context: ../test-results/concept-node-Concept-Node--a322b-and-redirect-to-detail-page-chromium/error-context.md

    attachment #4: trace (application/zip) ─────────────────────────────────────────────────────────
    ../test-results/concept-node-Concept-Node--a322b-and-redirect-to-detail-page-chromium/trace.zip
    Usage:

        pnpm exec playwright show-trace ../test-results/concept-node-Concept-Node--a322b-and-redirect-to-detail-page-chromium/trace.zip

    ────────────────────────────────────────────────────────────────────────────────────────────────
]]>
</failure>
</testcase>
<testcase name="Concept Node Creation › should show validation error if meaning is empty" classname="concept-node.spec.ts" time="2.466">
</testcase>
</testsuite>
<testsuite name="auth.spec.ts" timestamp="2026-05-02T20:54:02.192Z" hostname="firefox" tests="3" failures="0" skipped="0" time="14.574" errors="0">
<testcase name="User Registration › should register a new user successfully" classname="auth.spec.ts" time="5.972">
</testcase>
<testcase name="User Registration › should show validation error for invalid email" classname="auth.spec.ts" time="4.102">
</testcase>
<testcase name="User Registration › should show error if no language is selected" classname="auth.spec.ts" time="4.5">
</testcase>
</testsuite>
<testsuite name="concept-node.spec.ts" timestamp="2026-05-02T20:54:02.192Z" hostname="firefox" tests="2" failures="1" skipped="0" time="16.893" errors="0">
<testcase name="Concept Node Creation › should create a new concept node and redirect to detail page" classname="concept-node.spec.ts" time="14.037">
<system-out>
<![CDATA[
[[ATTACHMENT|../test-results/concept-node-Concept-Node--a322b-and-redirect-to-detail-page-firefox/test-failed-1.png]]

[[ATTACHMENT|../test-results/concept-node-Concept-Node--a322b-and-redirect-to-detail-page-firefox/video.webm]]

[[ATTACHMENT|../test-results/concept-node-Concept-Node--a322b-and-redirect-to-detail-page-firefox/error-context.md]]

[[ATTACHMENT|../test-results/concept-node-Concept-Node--a322b-and-redirect-to-detail-page-firefox/trace.zip]]
]]>
</system-out>
<failure message="expect(locator).toBeVisible() failed" type="expect.toBeVisible">
<![CDATA[  [firefox] › concept-node.spec.ts:10:7 › Concept Node Creation › should create a new concept node and redirect to detail page 

    Error: expect(locator).toBeVisible() failed

    Locator: locator('text=Concept Test 9106')
    Expected: visible
    Timeout: 10000ms
    Error: element(s) not found

    Call log:
      - Expect "toBeVisible" with timeout 10000ms
      - waiting for locator('text=Concept Test 9106')


      25 |     
      26 |     // Verify the meaning we entered is displayed
    > 27 |     await expect(page.locator(`text=${meaning}`)).toBeVisible();
         |                                                   ^
      28 |   });
      29 |
      30 |   test('should show validation error if meaning is empty', async ({ page }) => {
        at /Users/jrvn-hieu/Desktop/projects/workplace/demo_bmad_method_advance_testing/apps/e2e/tests/concept-node.spec.ts:27:51

    attachment #1: screenshot (image/png) ──────────────────────────────────────────────────────────
    ../test-results/concept-node-Concept-Node--a322b-and-redirect-to-detail-page-firefox/test-failed-1.png
    ────────────────────────────────────────────────────────────────────────────────────────────────

    attachment #2: video (video/webm) ──────────────────────────────────────────────────────────────
    ../test-results/concept-node-Concept-Node--a322b-and-redirect-to-detail-page-firefox/video.webm
    ────────────────────────────────────────────────────────────────────────────────────────────────

    Error Context: ../test-results/concept-node-Concept-Node--a322b-and-redirect-to-detail-page-firefox/error-context.md

    attachment #4: trace (application/zip) ─────────────────────────────────────────────────────────
    ../test-results/concept-node-Concept-Node--a322b-and-redirect-to-detail-page-firefox/trace.zip
    Usage:

        pnpm exec playwright show-trace ../test-results/concept-node-Concept-Node--a322b-and-redirect-to-detail-page-firefox/trace.zip

    ────────────────────────────────────────────────────────────────────────────────────────────────
]]>
</failure>
</testcase>
<testcase name="Concept Node Creation › should show validation error if meaning is empty" classname="concept-node.spec.ts" time="2.856">
</testcase>
</testsuite>
<testsuite name="auth.spec.ts" timestamp="2026-05-02T20:54:02.192Z" hostname="webkit" tests="3" failures="0" skipped="0" time="10.588" errors="0">
<testcase name="User Registration › should register a new user successfully" classname="auth.spec.ts" time="3.595">
</testcase>
<testcase name="User Registration › should show validation error for invalid email" classname="auth.spec.ts" time="3.537">
</testcase>
<testcase name="User Registration › should show error if no language is selected" classname="auth.spec.ts" time="3.456">
</testcase>
</testsuite>
<testsuite name="concept-node.spec.ts" timestamp="2026-05-02T20:54:02.192Z" hostname="webkit" tests="2" failures="1" skipped="0" time="13.694" errors="0">
<testcase name="Concept Node Creation › should create a new concept node and redirect to detail page" classname="concept-node.spec.ts" time="12.217">
<system-out>
<![CDATA[
[[ATTACHMENT|../test-results/concept-node-Concept-Node--a322b-and-redirect-to-detail-page-webkit/test-failed-1.png]]

[[ATTACHMENT|../test-results/concept-node-Concept-Node--a322b-and-redirect-to-detail-page-webkit/video.webm]]

[[ATTACHMENT|../test-results/concept-node-Concept-Node--a322b-and-redirect-to-detail-page-webkit/error-context.md]]

[[ATTACHMENT|../test-results/concept-node-Concept-Node--a322b-and-redirect-to-detail-page-webkit/trace.zip]]
]]>
</system-out>
<failure message="expect(locator).toBeVisible() failed" type="expect.toBeVisible">
<![CDATA[  [webkit] › concept-node.spec.ts:10:7 › Concept Node Creation › should create a new concept node and redirect to detail page 

    Error: expect(locator).toBeVisible() failed

    Locator: locator('text=Concept Test 5836')
    Expected: visible
    Timeout: 10000ms
    Error: element(s) not found

    Call log:
      - Expect "toBeVisible" with timeout 10000ms
      - waiting for locator('text=Concept Test 5836')


      25 |     
      26 |     // Verify the meaning we entered is displayed
    > 27 |     await expect(page.locator(`text=${meaning}`)).toBeVisible();
         |                                                   ^
      28 |   });
      29 |
      30 |   test('should show validation error if meaning is empty', async ({ page }) => {
        at /Users/jrvn-hieu/Desktop/projects/workplace/demo_bmad_method_advance_testing/apps/e2e/tests/concept-node.spec.ts:27:51

    attachment #1: screenshot (image/png) ──────────────────────────────────────────────────────────
    ../test-results/concept-node-Concept-Node--a322b-and-redirect-to-detail-page-webkit/test-failed-1.png
    ────────────────────────────────────────────────────────────────────────────────────────────────

    attachment #2: video (video/webm) ──────────────────────────────────────────────────────────────
    ../test-results/concept-node-Concept-Node--a322b-and-redirect-to-detail-page-webkit/video.webm
    ────────────────────────────────────────────────────────────────────────────────────────────────

    Error Context: ../test-results/concept-node-Concept-Node--a322b-and-redirect-to-detail-page-webkit/error-context.md

    attachment #4: trace (application/zip) ─────────────────────────────────────────────────────────
    ../test-results/concept-node-Concept-Node--a322b-and-redirect-to-detail-page-webkit/trace.zip
    Usage:

        pnpm exec playwright show-trace ../test-results/concept-node-Concept-Node--a322b-and-redirect-to-detail-page-webkit/trace.zip

    ────────────────────────────────────────────────────────────────────────────────────────────────
]]>
</failure>
</testcase>
<testcase name="Concept Node Creation › should show validation error if meaning is empty" classname="concept-node.spec.ts" time="1.477">
</testcase>
</testsuite>
</testsuites>