<testsuites id="" name="" tests="5" failures="1" skipped="0" errors="0" time="117.20859999999999">
<testsuite name="auth.spec.ts" timestamp="2026-05-02T23:48:27.627Z" hostname="chromium" tests="5" failures="1" skipped="0" time="34.046" errors="0">
<testcase name="User Registration › should register a new user successfully" classname="auth.spec.ts" time="5.371">
</testcase>
<testcase name="User Registration › should show validation error for invalid email" classname="auth.spec.ts" time="4.024">
</testcase>
<testcase name="User Registration › should show error if no language is selected" classname="auth.spec.ts" time="3.646">
</testcase>
<testcase name="User Login › should login successfully with correct credentials" classname="auth.spec.ts" time="18.51">
<system-out>
<![CDATA[
[[ATTACHMENT|../test-results/auth-User-Login-should-log-87f31-ly-with-correct-credentials-chromium/test-failed-1.png]]

[[ATTACHMENT|../test-results/auth-User-Login-should-log-87f31-ly-with-correct-credentials-chromium/video.webm]]

[[ATTACHMENT|../test-results/auth-User-Login-should-log-87f31-ly-with-correct-credentials-chromium/error-context.md]]

[[ATTACHMENT|../test-results/auth-User-Login-should-log-87f31-ly-with-correct-credentials-chromium/trace.zip]]
]]>
</system-out>
<failure message="expect(page).toHaveURL(expected) failed" type="expect.toHaveURL">
<![CDATA[  [chromium] › auth.spec.ts:60:7 › User Login › should login successfully with correct credentials ─

    Error: expect(page).toHaveURL(expected) failed

    Expected pattern: /\/(vi|en|ja)\/dashboard/
    Received string:  "http://localhost:3000/dashboard"
    Timeout: 10000ms

    Call log:
      - Expect "toHaveURL" with timeout 10000ms
        4 × unexpected value "http://localhost:3000/en/login"
        10 × unexpected value "http://localhost:3000/dashboard"


      80 |
      81 |     // 4. Should redirect to dashboard
    > 82 |     await expect(page).toHaveURL(/\/(vi|en|ja)\/dashboard/);
         |                        ^
      83 |     await expect(page.locator('h1')).toContainText(/Dashboard|Bảng điều khiển/);
      84 |   });
      85 |
        at /Users/jrvn-hieu/Desktop/projects/workplace/demo_bmad_method_advance_testing/apps/e2e/tests/auth.spec.ts:82:24

    attachment #1: screenshot (image/png) ──────────────────────────────────────────────────────────
    ../test-results/auth-User-Login-should-log-87f31-ly-with-correct-credentials-chromium/test-failed-1.png
    ────────────────────────────────────────────────────────────────────────────────────────────────

    attachment #2: video (video/webm) ──────────────────────────────────────────────────────────────
    ../test-results/auth-User-Login-should-log-87f31-ly-with-correct-credentials-chromium/video.webm
    ────────────────────────────────────────────────────────────────────────────────────────────────

    Error Context: ../test-results/auth-User-Login-should-log-87f31-ly-with-correct-credentials-chromium/error-context.md

    attachment #4: trace (application/zip) ─────────────────────────────────────────────────────────
    ../test-results/auth-User-Login-should-log-87f31-ly-with-correct-credentials-chromium/trace.zip
    Usage:

        npx playwright show-trace ../test-results/auth-User-Login-should-log-87f31-ly-with-correct-credentials-chromium/trace.zip

    ────────────────────────────────────────────────────────────────────────────────────────────────
]]>
</failure>
</testcase>
<testcase name="User Login › should show error with incorrect credentials" classname="auth.spec.ts" time="2.495">
</testcase>
</testsuite>
</testsuites>